160
138
161
171
130
116
112
197
151
94
147
101
7
182
80
156
39
10
70
51
78
98
84
3
91
42
8
36
155
20
77
178
99
59
23
79
6
61
176
127
195
175
193
95
149
5
198
62
122
18
56
169
192
134
119
124
48
128
71
186
164
153
46
33
100
166
92
114
82
135
76
183
13
4
30
90
16
117
17
21
11
12
167
26
54
143
72
152
38
57
187
15
131
118
104
173
19
35
191
126
87
58
181
25
47
63
157
133
108
107
189
53
52
89
185
159
27
81
37
168
188
177
93
136
2
180
144
194
106
125
64
158
55
148
86
165
141
65
66
190
24
68
103
73
41
154
146
