187
134
153
32
196
115
82
152
46
143
175
177
63
40
148
164
2
54
16
48
70
107
130
139
155
169
119
184
49
136
1
110
98
64
27
174
91
128
124
4
142
84
195
86
194
189
7
71
179
60
17
176
102
123
93
133
36
156
52
137
135
72
159
118
69
116
100
13
151
10
24
43
28
199
111
97
81
5
125
173
67
23
162
15
59
80
109
192
29
200
158
14
3
104
121
193
161
113
38
182
172
34
18
21
55
165
44
96
122
149
190
154
39
85
103
191
68
79
35
20
178
131
188
61
99
120
144
53
126
163
56
106
31
114
19
138
147
65
50
198
25
88
145
168
