2
5
41
25
36
13
95
38
10
20
11
65
42
28
53
7
3
6
12
15
19
14
97
23
18
16
26
17
24
33
21
30
48
40
27
52
29
34
31
32
44
43
99
35
47
58
54
37
46
49
77
74
50
45
51
55
64
57
56
70
167
82
67
63
60
61
84
68
73
66
71
109
69
136
72
90
78
75
76
89
80
81
162
79
93
86
88
87
94
96
106
119
102
125
92
103
91
100
139
105
108
101
98
104
122
111
107
118
120
110
114
112
124
116
115
133
113
137
121
123
117
135
128
129
165
127
126
132
130
131
143
141
134
138
147
149
142
140
151
144
146
145
148
152
150
153
154
156
157
155
158
159
160
161
