81
55
63
197
186
167
72
195
180
92
144
181
126
117
200
91
199
157
80
182
127
170
145
189
108
169
162
47
84
100
66
97
135
90
156
68
110
190
151
165
146
130
118
109
160
164
185
198
77
58
1
69
111
194
61
107
94
89
113
49
54
153
45
43
179
20
29
65
71
140
3
184
87
166
14
7
28
13
172
96
159
67
103
115
133
15
52
152
60
42
18
102
44
26
19
192
154
141
116
143
64
139
17
37
5
35
70
128
132
149
73
173
125
33
85
188
112
168
119
177
57
129
187
175
142
105
123
56
78
51
191
11
27
48
150
99
53
106
6
86
46
104
98
138
114
74
131
40
101
50
82
174
183
88
196
163
76
124
83
171
75
122
31
95
25
38
161
178
12
176
137
41
59
10
134
193
136
121
155
8
79
148
34
30
147
158
22
93
120
