1
2
4
5
7
9
10
11
14
13
12
15
16
35
17
19
37
18
20
21
22
23
36
24
25
34
38
26
27
28
29
30
31
39
32
33
41
40
42
43
45
44
46
47
49
50
48
51
52
54
53
55
56
57
58
59
60
61
62
63
64
65
66
67
68
73
69
70
71
72
74
75
76
77
78
79
80
81
82
83
84
85
86
87
88
89
90
91
92
93
94
95
96
97
98
99
100
110
101
102
111
109
103
112
104
113
105
114
106
108
107
116
117
115
118
119
120
122
121
123
124
125
126
127
128
129
130
131
132
133
134
135
136
137
138
139
140
141
142
143
144
145
146
147
148
149
150
151
152
153
154
155
156
157
158
159
160
161
162
163
164
165
166
173
175
167
168
174
169
177
170
171
176
172
178
179
180
181
182
183
184
185
186
187
188
189
190
191
199
192
194
193
200
195
196
197
198
